
=== Tue Sep 24 20:40:12 2024

Packages were changed.
Update Mode: updateDependencies

The following packages were 已添加:
  com.unity.2d.sprite@1.0.0
  com.unity.2d.tilemap@1.0.0
  com.unity.ads@3.7.5
  com.unity.analytics@3.6.12
  com.unity.modules.ai@1.0.0
  com.unity.modules.androidjni@1.0.0
  com.unity.modules.animation@1.0.0
  com.unity.modules.assetbundle@1.0.0
  com.unity.modules.audio@1.0.0
  com.unity.modules.cloth@1.0.0
  com.unity.modules.director@1.0.0
  com.unity.modules.imageconversion@1.0.0
  com.unity.modules.imgui@1.0.0
  com.unity.modules.jsonserialize@1.0.0
  com.unity.modules.particlesystem@1.0.0
  com.unity.modules.physics@1.0.0
  com.unity.modules.physics2d@1.0.0
  com.unity.modules.screencapture@1.0.0
  com.unity.modules.terrain@1.0.0
  com.unity.modules.terrainphysics@1.0.0
  com.unity.modules.tilemap@1.0.0
  com.unity.modules.ui@1.0.0
  com.unity.modules.uielements@1.0.0
  com.unity.modules.umbra@1.0.0
  com.unity.modules.unityanalytics@1.0.0
  com.unity.modules.unitywebrequest@1.0.0
  com.unity.modules.unitywebrequestassetbundle@1.0.0
  com.unity.modules.unitywebrequestaudio@1.0.0
  com.unity.modules.unitywebrequesttexture@1.0.0
  com.unity.modules.unitywebrequestwww@1.0.0
  com.unity.modules.vehicles@1.0.0
  com.unity.modules.video@1.0.0
  com.unity.modules.vr@1.0.0
  com.unity.modules.wind@1.0.0
  com.unity.modules.xr@1.0.0
  com.unity.purchasing@4.1.3
  com.unity.xr.legacyinputhelpers@2.1.9
The following packages were 已更新:
  com.unity.collab-proxy 从版本 1.9.0 到 1.15.15
  com.unity.ide.rider 从版本 3.0.7 到 3.0.13
  com.unity.ide.visualstudio 从版本 2.0.11 到 2.0.14
  com.unity.ide.vscode 从版本 1.2.4 到 1.2.5
  com.unity.test-framework 从版本 1.1.29 到 1.1.31
  com.unity.timeline 从版本 1.6.2 到 1.6.4
  com.unity.visualscripting 从版本 1.7.2 到 1.7.6

=== Fri Sep 27 16:45:13 2024

Packages were changed.
Update Mode: resetToDefaultDependencies

The following packages were 已添加:
  com.unity.textmeshpro@3.0.6
The following packages were 已移除:
  com.unity.2d.sprite@1.0.0
  com.unity.2d.tilemap@1.0.0
  com.unity.ads@3.7.5
  com.unity.analytics@3.6.12
  com.unity.feature.2d@1.0.0
  com.unity.purchasing@4.1.3
  com.unity.xr.legacyinputhelpers@2.1.9

=== Sun Sep 29 20:48:16 2024

Packages were changed.
Update Mode: updateDependencies

The following packages were 已添加:
  com.unity.2d.sprite@1.0.0
  com.unity.2d.tilemap@1.0.0
  com.unity.ads@3.7.5
  com.unity.analytics@3.6.12
  com.unity.purchasing@4.1.3
  com.unity.xr.legacyinputhelpers@2.1.9
